<?xml version="1.0" encoding="UTF-8"?>
<!-- Generated by org.testng.reporters.JUnitXMLReporter -->
<testsuite ignored="0" hostname="DESKTOP-N29B01S" failures="0" tests="1" name="Test" time="0.815" errors="0" timestamp="2021-01-31T20:46:13 AWST">
  <testcase classname="core.UIDriver" name="@BeforeSuite setUp" time="2.562">
    <failure type="org.openqa.selenium.SessionNotCreatedException" message="session not created: This version of ChromeDriver only supports Chrome version 79
Build info: version: &amp;apos;3.141.59&amp;apos;, revision: &amp;apos;e82be7d358&amp;apos;, time: &amp;apos;2018-11-14T08:17:03&amp;apos;
System info: host: &amp;apos;DESKTOP-N29B01S&amp;apos;, ip: &amp;apos;10.0.0.15&amp;apos;, os.name: &amp;apos;Windows 10&amp;apos;, os.arch: &amp;apos;amd64&amp;apos;, os.version: &amp;apos;10.0&amp;apos;, java.version: &amp;apos;15.0.1&amp;apos;
Driver info: driver.version: UIDriver
remote stacktrace: Backtrace:
	Ordinal0 [0x0032A113+1548563]
	Ordinal0 [0x002ADDA1+1039777]
	Ordinal0 [0x0022E485+517253]
	Ordinal0 [0x001BFD34+64820]
	Ordinal0 [0x001BC61E+50718]
	Ordinal0 [0x001DB797+178071]
	Ordinal0 [0x001DB59D+177565]
	Ordinal0 [0x001D95FB+169467]
	Ordinal0 [0x001C160A+71178]
	Ordinal0 [0x001C2690+75408]
	Ordinal0 [0x001C2629+75305]
	Ordinal0 [0x002C71B7+1143223]
	GetHandleVerifier [0x003C2B46+507814]
	GetHandleVerifier [0x003C2864+507076]
	GetHandleVerifier [0x003C9F47+537511]
	GetHandleVerifier [0x003C3402+510050]
	Ordinal0 [0x002BF29C+1110684]
	Ordinal0 [0x002C938B+1151883]
	Ordinal0 [0x002C94F3+1152243]
	Ordinal0 [0x002C83F5+1147893]
	BaseThreadInitThunk [0x774FFA29+25]
	RtlGetAppContainerNamedObjectPath [0x776775F4+228]
	RtlGetAppContainerNamedObjectPath [0x776775C4+180]
">
      <![CDATA[org.openqa.selenium.SessionNotCreatedException: session not created: This version of ChromeDriver only supports Chrome version 79
Build info: version: '3.141.59', revision: 'e82be7d358', time: '2018-11-14T08:17:03'
System info: host: 'DESKTOP-N29B01S', ip: '10.0.0.15', os.name: 'Windows 10', os.arch: 'amd64', os.version: '10.0', java.version: '15.0.1'
Driver info: driver.version: UIDriver
remote stacktrace: Backtrace:
Ordinal0 [0x0032A113+1548563]
Ordinal0 [0x002ADDA1+1039777]
Ordinal0 [0x0022E485+517253]
Ordinal0 [0x001BFD34+64820]
Ordinal0 [0x001BC61E+50718]
Ordinal0 [0x001DB797+178071]
Ordinal0 [0x001DB59D+177565]
Ordinal0 [0x001D95FB+169467]
Ordinal0 [0x001C160A+71178]
Ordinal0 [0x001C2690+75408]
Ordinal0 [0x001C2629+75305]
Ordinal0 [0x002C71B7+1143223]
GetHandleVerifier [0x003C2B46+507814]
GetHandleVerifier [0x003C2864+507076]
GetHandleVerifier [0x003C9F47+537511]
GetHandleVerifier [0x003C3402+510050]
Ordinal0 [0x002BF29C+1110684]
Ordinal0 [0x002C938B+1151883]
Ordinal0 [0x002C94F3+1152243]
Ordinal0 [0x002C83F5+1147893]
BaseThreadInitThunk [0x774FFA29+25]
RtlGetAppContainerNamedObjectPath [0x776775F4+228]
RtlGetAppContainerNamedObjectPath [0x776775C4+180]

at org.openqa.selenium.remote.W3CHandshakeResponse.lambda$errorHandler$0(W3CHandshakeResponse.java:62)
at org.openqa.selenium.remote.HandshakeResponse.lambda$getResponseFunction$0(HandshakeResponse.java:30)
at org.openqa.selenium.remote.ProtocolHandshake.lambda$createSession$0(ProtocolHandshake.java:126)
at java.base/java.util.stream.ReferencePipeline$3$1.accept(ReferencePipeline.java:195)
at java.base/java.util.Spliterators$ArraySpliterator.tryAdvance(Spliterators.java:958)
at java.base/java.util.stream.ReferencePipeline.forEachWithCancel(ReferencePipeline.java:127)
at java.base/java.util.stream.AbstractPipeline.copyIntoWithCancel(AbstractPipeline.java:502)
at java.base/java.util.stream.AbstractPipeline.copyInto(AbstractPipeline.java:488)
at java.base/java.util.stream.AbstractPipeline.wrapAndCopyInto(AbstractPipeline.java:474)
at java.base/java.util.stream.FindOps$FindOp.evaluateSequential(FindOps.java:150)
at java.base/java.util.stream.AbstractPipeline.evaluate(AbstractPipeline.java:234)
at java.base/java.util.stream.ReferencePipeline.findFirst(ReferencePipeline.java:543)
at org.openqa.selenium.remote.ProtocolHandshake.createSession(ProtocolHandshake.java:128)
at org.openqa.selenium.remote.ProtocolHandshake.createSession(ProtocolHandshake.java:74)
at org.openqa.selenium.remote.HttpCommandExecutor.execute(HttpCommandExecutor.java:136)
at org.openqa.selenium.remote.service.DriverCommandExecutor.execute(DriverCommandExecutor.java:83)
at org.openqa.selenium.remote.RemoteWebDriver.execute(RemoteWebDriver.java:552)
at org.openqa.selenium.remote.RemoteWebDriver.startSession(RemoteWebDriver.java:213)
at org.openqa.selenium.remote.RemoteWebDriver.<init>(RemoteWebDriver.java:131)
at org.openqa.selenium.chrome.ChromeDriver.<init>(ChromeDriver.java:181)
at org.openqa.selenium.chrome.ChromeDriver.<init>(ChromeDriver.java:168)
at org.openqa.selenium.chrome.ChromeDriver.<init>(ChromeDriver.java:123)
at core.UIDriver.setUp(UIDriver.java:38)
... Removed 24 stack frames]]>
    </failure>
  </testcase> <!-- @BeforeSuite setUp -->
  <testcase classname="web.amazon.tests.PriceTests" name="verifyProductPrice" time="0.0">
    <skipped/>
  </testcase> <!-- verifyProductPrice -->
</testsuite> <!-- Test -->
